
 ..........................................
 ..........................................
 ..........M...............................
 ........N......................... .Z.....
 .......M.......... M++M..........MMMN.....
 ......MMMM......M?======$M .....MMDM......
 .....,...MMD.MM=====IM=====MM  M..........
 ....D .....M=======M..8=======M ..........
 ...M ....M====+===+...DMM==NM===M.........
 ... .....M==+..MM. ..MMMMMM.MM==M.........
 ..Z......M==M..MMM..NMMMMMMN.MM=M.........
 .........M=M MMMMM..MMMMMMMMMMMMM.........
 .........MMMMMMMMMMMMMMMMMMMMMMMM.........
 ....... .MMMMMMMMMMMMMMMMMMMMMMMM.........
 .........MMMM  BLACK HILLS   MMMM.........
 .........MMMM    INFOSEC     MMMM.........
 ..........MMMMMMMMMMMMMMMMMMMMMM .........
 ...........MMMM,M+IOM=MO=MMNMMMMM.........
 ....... M:. ..MMMMMMMMMMMMMM....MM$.......
 ......MM........+MMMMMMMM.........MM .....
 ...................MMMM...................
 ..........................................
 ..........................................
 ..........................................
 
[34m[*][m CredSniper v1 - Mike Felch (@ustayready)
[2025-07-17 15:14] Module: office365
[2025-07-17 15:14] Port: 5052
[2025-07-17 15:14] Use SSL: False
[2025-07-17 15:14] 2FA Enabled: False
[2025-07-17 15:14] API: Loaded
[2025-07-17 15:14] API Token: BrpSQVp8tfD3UG37VH0lIDps0APEZmQM
[2025-07-17 15:14] Final URL: https://www.office.com
[2025-07-17 15:14] Hostname: localhost
 * Serving Flask app 'credsniper'
 * Debug mode: off
